<?xml version="1.0" encoding="UTF-8" ?>
<testsuite failures="3" time="0.313" errors="0" skipped="0" tests="10" name="com.sshetty.connectionpool.tests.ConnectionPoolTest">
  <properties>
[...]
</properties>
  <testcase time="0.018" classname="com.sshetty.connectionpool.tests.ConnectionPoolTest" name="purgeConnectionsNegative"/>
  <testcase time="0.001" classname="com.sshetty.connectionpool.tests.ConnectionPoolTest" name="getStatisticsNegative"/>
  <testcase time="0.168" classname="com.sshetty.connectionpool.tests.ConnectionPoolTest" name="testCreateConnectionTruePositive">
    <failure type="java.lang.AssertionError">java.lang.AssertionError
	at org.junit.Assert.fail(Assert.java:86)
	at org.junit.Assert.assertTrue(Assert.java:41)
	at org.junit.Assert.assertNotNull(Assert.java:621)
	at org.junit.Assert.assertNotNull(Assert.java:631)
	at com.sshetty.connectionpool.tests.ConnectionPoolTest.testCreateConnectionTruePositive(ConnectionPoolTest.java:46)
	at sun.reflect.NativeMethodAccessorImpl.invoke0(Native Method)
	at sun.reflect.NativeMethodAccessorImpl.invoke(NativeMethodAccessorImpl.java:39)
	at sun.reflect.DelegatingMethodAccessorImpl.invoke(DelegatingMethodAccessorImpl.java:25)
	at java.lang.reflect.Method.invoke(Method.java:597)
	at org.junit.runners.model.FrameworkMethod$1.runReflectiveCall(FrameworkMethod.java:47)
	at org.junit.internal.runners.model.ReflectiveCallable.run(ReflectiveCallable.java:12)
	at org.junit.runners.model.FrameworkMethod.invokeExplosively(FrameworkMethod.java:44)
	at org.junit.internal.runners.statements.InvokeMethod.evaluate(InvokeMethod.java:17)
	at org.junit.internal.runners.statements.RunBefores.evaluate(RunBefores.java:26)
	at org.junit.runners.ParentRunner.runLeaf(ParentRunner.java:271)
	at org.junit.runners.BlockJUnit4ClassRunner.runChild(BlockJUnit4ClassRunner.java:70)
	at org.junit.runners.BlockJUnit4ClassRunner.runChild(BlockJUnit4ClassRunner.java:50)
	at org.junit.runners.ParentRunner$3.run(ParentRunner.java:238)
	at org.junit.runners.ParentRunner$1.schedule(ParentRunner.java:63)
	at org.junit.runners.ParentRunner.runChildren(ParentRunner.java:236)
	at org.junit.runners.ParentRunner.access$000(ParentRunner.java:53)
	at org.junit.runners.ParentRunner$2.evaluate(ParentRunner.java:229)
	at org.junit.internal.runners.statements.RunAfters.evaluate(RunAfters.java:27)
	at org.junit.runners.ParentRunner.run(ParentRunner.java:309)
	at org.apache.maven.surefire.junit4.JUnit4TestSet.execute(JUnit4TestSet.java:53)
	at org.apache.maven.surefire.junit4.JUnit4Provider.executeTestSet(JUnit4Provider.java:119)
	at org.apache.maven.surefire.junit4.JUnit4Provider.invoke(JUnit4Provider.java:101)
	at sun.reflect.NativeMethodAccessorImpl.invoke0(Native Method)
	at sun.reflect.NativeMethodAccessorImpl.invoke(NativeMethodAccessorImpl.java:39)
	at sun.reflect.DelegatingMethodAccessorImpl.invoke(DelegatingMethodAccessorImpl.java:25)
	at java.lang.reflect.Method.invoke(Method.java:597)
	at org.apache.maven.surefire.booter.ProviderFactory$ClassLoaderProxy.invoke(ProviderFactory.java:103)
	at com.sun.proxy.$Proxy0.invoke(Unknown Source)
	at org.apache.maven.surefire.booter.SurefireStarter.invokeProvider(SurefireStarter.java:150)
	at org.apache.maven.surefire.booter.SurefireStarter.runSuitesInProcess(SurefireStarter.java:91)
	at org.apache.maven.surefire.booter.ForkedBooter.main(ForkedBooter.java:69)
</failure>
    <system-out>[22:38:23] com.sshetty.connectionpool.parentimpl.ConnectionPoolManager.createConnectionPools(ConnectionPoolManager.java:227) [DEBUG][main]- Pools created :2
[22:38:23] com.sshetty.connectionpool.tests.ConnectionPoolTest.initialSetUp(ConnectionPoolTest.java:38) [INFO ][main]- Started Testing ConnPoolMySqlImpl
[22:38:23] com.sshetty.connectionpool.parentimpl.ConnectionManagerSqlImpl.createConnection(ConnectionManagerSqlImpl.java:33) [ERROR][main]- com.mysql.jdbc.exceptions.jdbc4.CommunicationsException: Communications link failure

Last packet sent to the server was 0 ms ago.
</system-out>
  </testcase>
  <testcase time="0.002" classname="com.sshetty.connectionpool.tests.ConnectionPoolTest" name="testReleaseConnectionIfNull"/>
  <testcase time="0.008" classname="com.sshetty.connectionpool.tests.ConnectionPoolTest" name="testGetConnectionTruePositive">
    <failure type="java.lang.AssertionError">java.lang.AssertionError
	at org.junit.Assert.fail(Assert.java:86)
	at org.junit.Assert.assertTrue(Assert.java:41)
	at org.junit.Assert.assertNotNull(Assert.java:621)
	at org.junit.Assert.assertNotNull(Assert.java:631)
	at com.sshetty.connectionpool.tests.ConnectionPoolTest.testGetConnectionTruePositive(ConnectionPoolTest.java:58)
	at sun.reflect.NativeMethodAccessorImpl.invoke0(Native Method)
	at sun.reflect.NativeMethodAccessorImpl.invoke(NativeMethodAccessorImpl.java:39)
	at sun.reflect.DelegatingMethodAccessorImpl.invoke(DelegatingMethodAccessorImpl.java:25)
	at java.lang.reflect.Method.invoke(Method.java:597)
	at org.junit.runners.model.FrameworkMethod$1.runReflectiveCall(FrameworkMethod.java:47)
	at org.junit.internal.runners.model.ReflectiveCallable.run(ReflectiveCallable.java:12)
	at org.junit.runners.model.FrameworkMethod.invokeExplosively(FrameworkMethod.java:44)
	at org.junit.internal.runners.statements.InvokeMethod.evaluate(InvokeMethod.java:17)
	at org.junit.internal.runners.statements.RunBefores.evaluate(RunBefores.java:26)
	at org.junit.runners.ParentRunner.runLeaf(ParentRunner.java:271)
	at org.junit.runners.BlockJUnit4ClassRunner.runChild(BlockJUnit4ClassRunner.java:70)
	at org.junit.runners.BlockJUnit4ClassRunner.runChild(BlockJUnit4ClassRunner.java:50)
	at org.junit.runners.ParentRunner$3.run(ParentRunner.java:238)
	at org.junit.runners.ParentRunner$1.schedule(ParentRunner.java:63)
	at org.junit.runners.ParentRunner.runChildren(ParentRunner.java:236)
	at org.junit.runners.ParentRunner.access$000(ParentRunner.java:53)
	at org.junit.runners.ParentRunner$2.evaluate(ParentRunner.java:229)
	at org.junit.internal.runners.statements.RunAfters.evaluate(RunAfters.java:27)
	at org.junit.runners.ParentRunner.run(ParentRunner.java:309)
	at org.apache.maven.surefire.junit4.JUnit4TestSet.execute(JUnit4TestSet.java:53)
	at org.apache.maven.surefire.junit4.JUnit4Provider.executeTestSet(JUnit4Provider.java:119)
	at org.apache.maven.surefire.junit4.JUnit4Provider.invoke(JUnit4Provider.java:101)
	at sun.reflect.NativeMethodAccessorImpl.invoke0(Native Method)
	at sun.reflect.NativeMethodAccessorImpl.invoke(NativeMethodAccessorImpl.java:39)
	at sun.reflect.DelegatingMethodAccessorImpl.invoke(DelegatingMethodAccessorImpl.java:25)
	at java.lang.reflect.Method.invoke(Method.java:597)
	at org.apache.maven.surefire.booter.ProviderFactory$ClassLoaderProxy.invoke(ProviderFactory.java:103)
	at com.sun.proxy.$Proxy0.invoke(Unknown Source)
	at org.apache.maven.surefire.booter.SurefireStarter.invokeProvider(SurefireStarter.java:150)
	at org.apache.maven.surefire.booter.SurefireStarter.runSuitesInProcess(SurefireStarter.java:91)
	at org.apache.maven.surefire.booter.ForkedBooter.main(ForkedBooter.java:69)
</failure>
    <system-out>[22:38:23] com.sshetty.connectionpool.parentimpl.ConnectionPoolManager.createConnectionPools(ConnectionPoolManager.java:227) [DEBUG][main]- Pools created :2
[22:38:23] com.sshetty.connectionpool.tests.ConnectionPoolTest.initialSetUp(ConnectionPoolTest.java:38) [INFO ][main]- Started Testing ConnPoolMySqlImpl
[22:38:23] com.sshetty.connectionpool.parentimpl.ConnectionPoolManager.isEmpty(ConnectionPoolManager.java:163) [DEBUG][main]- Check for available connections in the pool : true
[22:38:23] com.sshetty.connectionpool.parentimpl.ConnectionManagerSqlImpl.createConnection(ConnectionManagerSqlImpl.java:33) [ERROR][main]- com.mysql.jdbc.exceptions.jdbc4.CommunicationsException: Communications link failure

Last packet sent to the server was 0 ms ago.
[22:38:23] com.sshetty.connectionpool.parentimpl.ConnectionPoolManager.getConnection(ConnectionPoolManager.java:82) [ERROR][main]- java.lang.NullPointerException
[22:38:23] com.sshetty.connectionpool.parentimpl.ConnectionPoolManager.getStatistics(ConnectionPoolManager.java:184) [INFO ][main]- ThreadId:1 Connection pool size for ds1 is :0
[22:38:23] com.sshetty.connectionpool.parentimpl.ConnectionPoolManager.getStatistics(ConnectionPoolManager.java:185) [INFO ][main]- ThreadId:1 Connection Created New for ds1 is :0
[22:38:23] com.sshetty.connectionpool.parentimpl.ConnectionPoolManager.getStatistics(ConnectionPoolManager.java:186) [INFO ][main]- ThreadId:1 Connection Used for ds1 is :0
</system-out>
  </testcase>
  <testcase time="0.003" classname="com.sshetty.connectionpool.tests.ConnectionPoolTest" name="getStatisticsTruePositive"/>
  <testcase time="0.001" classname="com.sshetty.connectionpool.tests.ConnectionPoolTest" name="testCreateConnectionNegative"/>
  <testcase time="0.004" classname="com.sshetty.connectionpool.tests.ConnectionPoolTest" name="testReleaseConnectionTruePositive">
    <failure type="java.lang.AssertionError">java.lang.AssertionError
	at org.junit.Assert.fail(Assert.java:86)
	at org.junit.Assert.assertTrue(Assert.java:41)
	at org.junit.Assert.assertTrue(Assert.java:52)
	at com.sshetty.connectionpool.tests.ConnectionPoolTest.testReleaseConnectionTruePositive(ConnectionPoolTest.java:76)
	at sun.reflect.NativeMethodAccessorImpl.invoke0(Native Method)
	at sun.reflect.NativeMethodAccessorImpl.invoke(NativeMethodAccessorImpl.java:39)
	at sun.reflect.DelegatingMethodAccessorImpl.invoke(DelegatingMethodAccessorImpl.java:25)
	at java.lang.reflect.Method.invoke(Method.java:597)
	at org.junit.runners.model.FrameworkMethod$1.runReflectiveCall(FrameworkMethod.java:47)
	at org.junit.internal.runners.model.ReflectiveCallable.run(ReflectiveCallable.java:12)
	at org.junit.runners.model.FrameworkMethod.invokeExplosively(FrameworkMethod.java:44)
	at org.junit.internal.runners.statements.InvokeMethod.evaluate(InvokeMethod.java:17)
	at org.junit.internal.runners.statements.RunBefores.evaluate(RunBefores.java:26)
	at org.junit.runners.ParentRunner.runLeaf(ParentRunner.java:271)
	at org.junit.runners.BlockJUnit4ClassRunner.runChild(BlockJUnit4ClassRunner.java:70)
	at org.junit.runners.BlockJUnit4ClassRunner.runChild(BlockJUnit4ClassRunner.java:50)
	at org.junit.runners.ParentRunner$3.run(ParentRunner.java:238)
	at org.junit.runners.ParentRunner$1.schedule(ParentRunner.java:63)
	at org.junit.runners.ParentRunner.runChildren(ParentRunner.java:236)
	at org.junit.runners.ParentRunner.access$000(ParentRunner.java:53)
	at org.junit.runners.ParentRunner$2.evaluate(ParentRunner.java:229)
	at org.junit.internal.runners.statements.RunAfters.evaluate(RunAfters.java:27)
	at org.junit.runners.ParentRunner.run(ParentRunner.java:309)
	at org.apache.maven.surefire.junit4.JUnit4TestSet.execute(JUnit4TestSet.java:53)
	at org.apache.maven.surefire.junit4.JUnit4Provider.executeTestSet(JUnit4Provider.java:119)
	at org.apache.maven.surefire.junit4.JUnit4Provider.invoke(JUnit4Provider.java:101)
	at sun.reflect.NativeMethodAccessorImpl.invoke0(Native Method)
	at sun.reflect.NativeMethodAccessorImpl.invoke(NativeMethodAccessorImpl.java:39)
	at sun.reflect.DelegatingMethodAccessorImpl.invoke(DelegatingMethodAccessorImpl.java:25)
	at java.lang.reflect.Method.invoke(Method.java:597)
	at org.apache.maven.surefire.booter.ProviderFactory$ClassLoaderProxy.invoke(ProviderFactory.java:103)
	at com.sun.proxy.$Proxy0.invoke(Unknown Source)
	at org.apache.maven.surefire.booter.SurefireStarter.invokeProvider(SurefireStarter.java:150)
	at org.apache.maven.surefire.booter.SurefireStarter.runSuitesInProcess(SurefireStarter.java:91)
	at org.apache.maven.surefire.booter.ForkedBooter.main(ForkedBooter.java:69)
</failure>
    <system-out>[22:38:23] com.sshetty.connectionpool.parentimpl.ConnectionPoolManager.createConnectionPools(ConnectionPoolManager.java:227) [DEBUG][main]- Pools created :2
[22:38:23] com.sshetty.connectionpool.tests.ConnectionPoolTest.initialSetUp(ConnectionPoolTest.java:38) [INFO ][main]- Started Testing ConnPoolMySqlImpl
[22:38:23] com.sshetty.connectionpool.parentimpl.ConnectionManagerSqlImpl.createConnection(ConnectionManagerSqlImpl.java:33) [ERROR][main]- com.mysql.jdbc.exceptions.jdbc4.CommunicationsException: Communications link failure

Last packet sent to the server was 0 ms ago.
[22:38:23] com.sshetty.connectionpool.parentimpl.ConnectionPoolManager.getStatistics(ConnectionPoolManager.java:184) [INFO ][main]- ThreadId:1 Connection pool size for ds1 is :0
[22:38:23] com.sshetty.connectionpool.parentimpl.ConnectionPoolManager.getStatistics(ConnectionPoolManager.java:185) [INFO ][main]- ThreadId:1 Connection Created New for ds1 is :0
[22:38:23] com.sshetty.connectionpool.parentimpl.ConnectionPoolManager.getStatistics(ConnectionPoolManager.java:186) [INFO ][main]- ThreadId:1 Connection Used for ds1 is :0
</system-out>
  </testcase>
  <testcase time="0.001" classname="com.sshetty.connectionpool.tests.ConnectionPoolTest" name="purgeConnectionsTruePositive"/>
  <testcase time="0.001" classname="com.sshetty.connectionpool.tests.ConnectionPoolTest" name="testReleaseConnectionInvalidPoolName"/>
</testsuite>