<?xml version="1.0" encoding="UTF-8" ?>
<testsuite failures="0" time="0.16" errors="0" skipped="0" tests="7" name="com.sshetty.connectionpool.tests.DbManagerTest">
  <properties>
[...]
</properties>
  <testcase time="0.128" classname="com.sshetty.connectionpool.tests.DbManagerTest" name="testGetConnectionTruePositive"/>
  <testcase time="0.005" classname="com.sshetty.connectionpool.tests.DbManagerTest" name="testReleaseConnectionSqlException"/>
  <testcase time="0.004" classname="com.sshetty.connectionpool.tests.DbManagerTest" name="testReleaseConnectionTruePositive"/>
  <testcase time="0.004" classname="com.sshetty.connectionpool.tests.DbManagerTest" name="testReleaseConnectionNegative"/>
  <testcase time="0.006" classname="com.sshetty.connectionpool.tests.DbManagerTest" name="testCreateConnectionPools"/>
  <testcase time="0.003" classname="com.sshetty.connectionpool.tests.DbManagerTest" name="testCreateConnectionPoolsNegative"/>
  <testcase time="0.003" classname="com.sshetty.connectionpool.tests.DbManagerTest" name="testGetConnectionNegative"/>
</testsuite>